[2020-10-27 23:33:11,885] INFO Reading configuration from: config/zookeeper.properties (org.apache.zookeeper.server.quorum.QuorumPeerConfig)
[2020-10-27 23:33:11,944] INFO autopurge.snapRetainCount set to 3 (org.apache.zookeeper.server.DatadirCleanupManager)
[2020-10-27 23:33:11,945] INFO autopurge.purgeInterval set to 0 (org.apache.zookeeper.server.DatadirCleanupManager)
[2020-10-27 23:33:11,945] INFO Purge task is not scheduled. (org.apache.zookeeper.server.DatadirCleanupManager)
[2020-10-27 23:33:11,945] WARN Either no config or no quorum defined in config, running  in standalone mode (org.apache.zookeeper.server.quorum.QuorumPeerMain)
[2020-10-27 23:33:12,042] INFO Reading configuration from: config/zookeeper.properties (org.apache.zookeeper.server.quorum.QuorumPeerConfig)
[2020-10-27 23:33:12,047] INFO Starting server (org.apache.zookeeper.server.ZooKeeperServerMain)
[2020-10-27 23:33:12,097] INFO Server environment:zookeeper.version=3.4.10-39d3a4f269333c922ed3db283be479f9deacaa0f, built on 03/23/2017 10:13 GMT (org.apache.zookeeper.server.ZooKeeperServer)
[2020-10-27 23:33:12,097] INFO Server environment:host.name=pranjay-HP-Laptop-15q-bu0xx (org.apache.zookeeper.server.ZooKeeperServer)
[2020-10-27 23:33:12,097] INFO Server environment:java.version=1.8.0_265 (org.apache.zookeeper.server.ZooKeeperServer)
[2020-10-27 23:33:12,098] INFO Server environment:java.vendor=Private Build (org.apache.zookeeper.server.ZooKeeperServer)
[2020-10-27 23:33:12,098] INFO Server environment:java.home=/usr/lib/jvm/java-8-openjdk-amd64/jre (org.apache.zookeeper.server.ZooKeeperServer)
[2020-10-27 23:33:12,098] INFO Server environment:java.class.path=bin/../libs/aopalliance-repackaged-2.5.0-b32.jar:bin/../libs/argparse4j-0.7.0.jar:bin/../libs/commons-lang3-3.5.jar:bin/../libs/connect-api-1.1.0.jar:bin/../libs/connect-file-1.1.0.jar:bin/../libs/connect-json-1.1.0.jar:bin/../libs/connect-runtime-1.1.0.jar:bin/../libs/connect-transforms-1.1.0.jar:bin/../libs/guava-20.0.jar:bin/../libs/hk2-api-2.5.0-b32.jar:bin/../libs/hk2-locator-2.5.0-b32.jar:bin/../libs/hk2-utils-2.5.0-b32.jar:bin/../libs/jackson-annotations-2.9.4.jar:bin/../libs/jackson-core-2.9.4.jar:bin/../libs/jackson-databind-2.9.4.jar:bin/../libs/jackson-jaxrs-base-2.9.4.jar:bin/../libs/jackson-jaxrs-json-provider-2.9.4.jar:bin/../libs/jackson-module-jaxb-annotations-2.9.4.jar:bin/../libs/javassist-3.20.0-GA.jar:bin/../libs/javassist-3.21.0-GA.jar:bin/../libs/javax.annotation-api-1.2.jar:bin/../libs/javax.inject-1.jar:bin/../libs/javax.inject-2.5.0-b32.jar:bin/../libs/javax.servlet-api-3.1.0.jar:bin/../libs/javax.ws.rs-api-2.0.1.jar:bin/../libs/jersey-client-2.25.1.jar:bin/../libs/jersey-common-2.25.1.jar:bin/../libs/jersey-container-servlet-2.25.1.jar:bin/../libs/jersey-container-servlet-core-2.25.1.jar:bin/../libs/jersey-guava-2.25.1.jar:bin/../libs/jersey-media-jaxb-2.25.1.jar:bin/../libs/jersey-server-2.25.1.jar:bin/../libs/jetty-client-9.2.24.v20180105.jar:bin/../libs/jetty-continuation-9.2.24.v20180105.jar:bin/../libs/jetty-http-9.2.24.v20180105.jar:bin/../libs/jetty-io-9.2.24.v20180105.jar:bin/../libs/jetty-security-9.2.24.v20180105.jar:bin/../libs/jetty-server-9.2.24.v20180105.jar:bin/../libs/jetty-servlet-9.2.24.v20180105.jar:bin/../libs/jetty-servlets-9.2.24.v20180105.jar:bin/../libs/jetty-util-9.2.24.v20180105.jar:bin/../libs/jopt-simple-5.0.4.jar:bin/../libs/kafka_2.11-1.1.0.jar:bin/../libs/kafka_2.11-1.1.0-sources.jar:bin/../libs/kafka_2.11-1.1.0-test-sources.jar:bin/../libs/kafka-clients-1.1.0.jar:bin/../libs/kafka-log4j-appender-1.1.0.jar:bin/../libs/kafka-streams-1.1.0.jar:bin/../libs/kafka-streams-examples-1.1.0.jar:bin/../libs/kafka-streams-test-utils-1.1.0.jar:bin/../libs/kafka-tools-1.1.0.jar:bin/../libs/log4j-1.2.17.jar:bin/../libs/lz4-java-1.4.jar:bin/../libs/maven-artifact-3.5.2.jar:bin/../libs/metrics-core-2.2.0.jar:bin/../libs/osgi-resource-locator-1.0.1.jar:bin/../libs/plexus-utils-3.1.0.jar:bin/../libs/reflections-0.9.11.jar:bin/../libs/rocksdbjni-5.7.3.jar:bin/../libs/scala-library-2.11.12.jar:bin/../libs/scala-logging_2.11-3.7.2.jar:bin/../libs/scala-reflect-2.11.12.jar:bin/../libs/slf4j-api-1.7.25.jar:bin/../libs/slf4j-log4j12-1.7.25.jar:bin/../libs/snappy-java-1.1.7.1.jar:bin/../libs/validation-api-1.1.0.Final.jar:bin/../libs/zkclient-0.10.jar:bin/../libs/zookeeper-3.4.10.jar (org.apache.zookeeper.server.ZooKeeperServer)
[2020-10-27 23:33:12,099] INFO Server environment:java.library.path=/usr/java/packages/lib/amd64:/usr/lib/x86_64-linux-gnu/jni:/lib/x86_64-linux-gnu:/usr/lib/x86_64-linux-gnu:/usr/lib/jni:/lib:/usr/lib (org.apache.zookeeper.server.ZooKeeperServer)
[2020-10-27 23:33:12,099] INFO Server environment:java.io.tmpdir=/tmp (org.apache.zookeeper.server.ZooKeeperServer)
[2020-10-27 23:33:12,099] INFO Server environment:java.compiler=<NA> (org.apache.zookeeper.server.ZooKeeperServer)
[2020-10-27 23:33:12,099] INFO Server environment:os.name=Linux (org.apache.zookeeper.server.ZooKeeperServer)
[2020-10-27 23:33:12,100] INFO Server environment:os.arch=amd64 (org.apache.zookeeper.server.ZooKeeperServer)
[2020-10-27 23:33:12,101] INFO Server environment:os.version=5.4.0-51-generic (org.apache.zookeeper.server.ZooKeeperServer)
[2020-10-27 23:33:12,101] INFO Server environment:user.name=pranjay (org.apache.zookeeper.server.ZooKeeperServer)
[2020-10-27 23:33:12,101] INFO Server environment:user.home=/home/pranjay (org.apache.zookeeper.server.ZooKeeperServer)
[2020-10-27 23:33:12,101] INFO Server environment:user.dir=/media/pranjay/New Volume/Study/Fall2020/shim-273/YelpLab-2/Yelp_Prototype/KafkaInstallation/kafka_2.11-1.1.0 (org.apache.zookeeper.server.ZooKeeperServer)
[2020-10-27 23:33:12,162] INFO tickTime set to 3000 (org.apache.zookeeper.server.ZooKeeperServer)
[2020-10-27 23:33:12,165] INFO minSessionTimeout set to -1 (org.apache.zookeeper.server.ZooKeeperServer)
[2020-10-27 23:33:12,166] INFO maxSessionTimeout set to -1 (org.apache.zookeeper.server.ZooKeeperServer)
[2020-10-27 23:33:12,270] INFO binding to port 0.0.0.0/0.0.0.0:2181 (org.apache.zookeeper.server.NIOServerCnxnFactory)
