[2020-11-05 00:04:36,354] TRACE [Controller id=0] Checking need to trigger auto leader balancing (kafka.controller.KafkaController)
[2020-11-05 00:04:37,202] DEBUG [Controller id=0] Preferred replicas by broker Map(0 -> Map(Customer-requests-0 -> Vector(0), Common-requests-0 -> Vector(0), Restaurant-requests-0 -> Vector(0), Static-requests-0 -> Vector(0), response_topic-0 -> Vector(0))) (kafka.controller.KafkaController)
[2020-11-05 00:04:37,291] DEBUG [Controller id=0] Topics not in preferred replica for broker 0 Map() (kafka.controller.KafkaController)
[2020-11-05 00:04:37,312] TRACE [Controller id=0] Leader imbalance ratio for broker 0 is 0.0 (kafka.controller.KafkaController)
[2020-11-05 00:09:37,350] TRACE [Controller id=0] Checking need to trigger auto leader balancing (kafka.controller.KafkaController)
[2020-11-05 00:09:37,614] DEBUG [Controller id=0] Preferred replicas by broker Map(0 -> Map(Customer-requests-0 -> Vector(0), Common-requests-0 -> Vector(0), Restaurant-requests-0 -> Vector(0), Static-requests-0 -> Vector(0), response_topic-0 -> Vector(0))) (kafka.controller.KafkaController)
[2020-11-05 00:09:37,794] DEBUG [Controller id=0] Topics not in preferred replica for broker 0 Map() (kafka.controller.KafkaController)
[2020-11-05 00:09:38,093] TRACE [Controller id=0] Leader imbalance ratio for broker 0 is 0.0 (kafka.controller.KafkaController)
[2020-11-05 00:14:38,246] TRACE [Controller id=0] Checking need to trigger auto leader balancing (kafka.controller.KafkaController)
[2020-11-05 00:14:39,051] DEBUG [Controller id=0] Preferred replicas by broker Map(0 -> Map(Customer-requests-0 -> Vector(0), Common-requests-0 -> Vector(0), Restaurant-requests-0 -> Vector(0), Static-requests-0 -> Vector(0), response_topic-0 -> Vector(0))) (kafka.controller.KafkaController)
[2020-11-05 00:14:39,760] DEBUG [Controller id=0] Topics not in preferred replica for broker 0 Map() (kafka.controller.KafkaController)
[2020-11-05 00:14:40,071] TRACE [Controller id=0] Leader imbalance ratio for broker 0 is 0.0 (kafka.controller.KafkaController)
[2020-11-05 00:15:40,896] DEBUG [Controller id=0] Resigning (kafka.controller.KafkaController)
[2020-11-05 00:15:41,863] DEBUG [Controller id=0] Unregister BrokerModifications handler for Set(0) (kafka.controller.KafkaController)
[2020-11-05 00:15:43,877] INFO [PartitionStateMachine controllerId=0] Stopped partition state machine (kafka.controller.PartitionStateMachine)
[2020-11-05 00:15:44,867] INFO [ReplicaStateMachine controllerId=0] Stopped replica state machine (kafka.controller.ReplicaStateMachine)
[2020-11-05 00:15:45,552] INFO [RequestSendThread controllerId=0] Shutting down (kafka.controller.RequestSendThread)
[2020-11-05 00:15:45,874] INFO [RequestSendThread controllerId=0] Stopped (kafka.controller.RequestSendThread)
[2020-11-05 00:15:45,874] INFO [RequestSendThread controllerId=0] Shutdown completed (kafka.controller.RequestSendThread)
[2020-11-05 00:15:47,268] INFO [Controller id=0] Resigned (kafka.controller.KafkaController)
[2020-11-05 00:15:54,924] INFO [Controller id=0] 0 successfully elected as the controller (kafka.controller.KafkaController)
[2020-11-05 00:15:55,132] INFO [Controller id=0] Reading controller epoch from ZooKeeper (kafka.controller.KafkaController)
[2020-11-05 00:15:55,433] INFO [Controller id=0] Initialized controller epoch to 2 and zk version 1 (kafka.controller.KafkaController)
[2020-11-05 00:15:55,781] INFO [Controller id=0] Incrementing controller epoch in ZooKeeper (kafka.controller.KafkaController)
[2020-11-05 00:15:56,210] INFO [Controller id=0] Epoch incremented to 3 (kafka.controller.KafkaController)
[2020-11-05 00:15:56,265] INFO [Controller id=0] Registering handlers (kafka.controller.KafkaController)
[2020-11-05 00:15:56,564] INFO [Controller id=0] Deleting log dir event notifications (kafka.controller.KafkaController)
[2020-11-05 00:15:56,823] INFO [Controller id=0] Deleting isr change notifications (kafka.controller.KafkaController)
[2020-11-05 00:15:57,135] INFO [Controller id=0] Initializing controller context (kafka.controller.KafkaController)
[2020-11-05 00:15:57,602] DEBUG [Controller id=0] Register BrokerModifications handler for Set(0) (kafka.controller.KafkaController)
[2020-11-05 00:15:57,914] DEBUG [Channel manager on controller 0]: Controller 0 trying to connect to broker 0 (kafka.controller.ControllerChannelManager)
[2020-11-05 00:15:58,117] INFO [RequestSendThread controllerId=0] Starting (kafka.controller.RequestSendThread)
[2020-11-05 00:15:58,118] INFO [Controller id=0] Partitions being reassigned: Map() (kafka.controller.KafkaController)
[2020-11-05 00:15:58,488] INFO [Controller id=0] Currently active brokers in the cluster: Set(0) (kafka.controller.KafkaController)
[2020-11-05 00:15:59,052] INFO [Controller id=0] Currently shutting brokers in the cluster: Set() (kafka.controller.KafkaController)
[2020-11-05 00:15:59,379] INFO [Controller id=0] Current list of topics in the cluster: Set(Restaurant-requests, Customer-requests, response_topic, Common-requests, Static-requests) (kafka.controller.KafkaController)
[2020-11-05 00:15:59,662] INFO [Controller id=0] Fetching topic deletions in progress (kafka.controller.KafkaController)
[2020-11-05 00:15:59,807] INFO [Controller id=0] List of topics to be deleted:  (kafka.controller.KafkaController)
[2020-11-05 00:16:00,123] INFO [Controller id=0] List of topics ineligible for deletion:  (kafka.controller.KafkaController)
[2020-11-05 00:16:00,369] INFO [Controller id=0] Initializing topic deletion manager (kafka.controller.KafkaController)
[2020-11-05 00:16:00,881] INFO [Controller id=0] Sending update metadata request (kafka.controller.KafkaController)
[2020-11-05 00:16:07,076] INFO [ReplicaStateMachine controllerId=0] Initializing replica state (kafka.controller.ReplicaStateMachine)
[2020-11-05 00:16:07,078] INFO [RequestSendThread controllerId=0] Controller 0 connected to pranjay-HP-Laptop-15q-bu0xx:9092 (id: 0 rack: null) for sending state change requests (kafka.controller.RequestSendThread)
[2020-11-05 00:16:07,229] INFO [ReplicaStateMachine controllerId=0] Triggering online replica state changes (kafka.controller.ReplicaStateMachine)
[2020-11-05 00:16:18,094] INFO [ReplicaStateMachine controllerId=0] Started replica state machine with initial state -> Map([Topic=Static-requests,Partition=0,Replica=0] -> OnlineReplica, [Topic=Common-requests,Partition=0,Replica=0] -> OnlineReplica, [Topic=response_topic,Partition=0,Replica=0] -> OnlineReplica, [Topic=Customer-requests,Partition=0,Replica=0] -> OnlineReplica, [Topic=Restaurant-requests,Partition=0,Replica=0] -> OnlineReplica) (kafka.controller.ReplicaStateMachine)
[2020-11-05 00:16:18,702] INFO [PartitionStateMachine controllerId=0] Initializing partition state (kafka.controller.PartitionStateMachine)
[2020-11-05 00:16:19,032] INFO [PartitionStateMachine controllerId=0] Triggering online partition state changes (kafka.controller.PartitionStateMachine)
[2020-11-05 00:16:19,365] INFO [PartitionStateMachine controllerId=0] Started partition state machine with initial state -> Map(Customer-requests-0 -> OnlinePartition, Common-requests-0 -> OnlinePartition, Restaurant-requests-0 -> OnlinePartition, Static-requests-0 -> OnlinePartition, response_topic-0 -> OnlinePartition) (kafka.controller.PartitionStateMachine)
[2020-11-05 00:16:19,656] INFO [Controller id=0] Ready to serve as the new controller with epoch 3 (kafka.controller.KafkaController)
[2020-11-05 00:16:20,049] INFO [Controller id=0] Partitions undergoing preferred replica election:  (kafka.controller.KafkaController)
[2020-11-05 00:16:20,280] INFO [Controller id=0] Partitions that completed preferred replica election:  (kafka.controller.KafkaController)
[2020-11-05 00:16:21,072] INFO [Controller id=0] Skipping preferred replica election for partitions due to topic deletion:  (kafka.controller.KafkaController)
[2020-11-05 00:16:21,381] INFO [Controller id=0] Resuming preferred replica election for partitions:  (kafka.controller.KafkaController)
[2020-11-05 00:16:21,516] INFO [Controller id=0] Starting preferred replica leader election for partitions  (kafka.controller.KafkaController)
[2020-11-05 00:16:22,034] INFO [Controller id=0] Starting the controller scheduler (kafka.controller.KafkaController)
[2020-11-05 00:16:27,502] TRACE [Controller id=0] Checking need to trigger auto leader balancing (kafka.controller.KafkaController)
[2020-11-05 00:16:27,836] DEBUG [Controller id=0] Preferred replicas by broker Map(0 -> Map(Customer-requests-0 -> Vector(0), Common-requests-0 -> Vector(0), Restaurant-requests-0 -> Vector(0), Static-requests-0 -> Vector(0), response_topic-0 -> Vector(0))) (kafka.controller.KafkaController)
[2020-11-05 00:16:28,268] DEBUG [Controller id=0] Topics not in preferred replica for broker 0 Map() (kafka.controller.KafkaController)
[2020-11-05 00:16:28,547] TRACE [Controller id=0] Leader imbalance ratio for broker 0 is 0.0 (kafka.controller.KafkaController)
[2020-11-05 00:19:24,314] DEBUG [Controller id=0] Resigning (kafka.controller.KafkaController)
[2020-11-05 00:19:24,730] DEBUG [Controller id=0] Unregister BrokerModifications handler for Set(0) (kafka.controller.KafkaController)
[2020-11-05 00:19:25,502] INFO [PartitionStateMachine controllerId=0] Stopped partition state machine (kafka.controller.PartitionStateMachine)
[2020-11-05 00:19:25,794] INFO [ReplicaStateMachine controllerId=0] Stopped replica state machine (kafka.controller.ReplicaStateMachine)
[2020-11-05 00:19:25,998] INFO [RequestSendThread controllerId=0] Shutting down (kafka.controller.RequestSendThread)
[2020-11-05 00:19:26,319] INFO [RequestSendThread controllerId=0] Stopped (kafka.controller.RequestSendThread)
[2020-11-05 00:19:26,319] INFO [RequestSendThread controllerId=0] Shutdown completed (kafka.controller.RequestSendThread)
[2020-11-05 00:19:26,798] INFO [Controller id=0] Resigned (kafka.controller.KafkaController)
[2020-11-05 00:19:28,901] INFO [Controller id=0] 0 successfully elected as the controller (kafka.controller.KafkaController)
[2020-11-05 00:19:30,061] INFO [Controller id=0] Reading controller epoch from ZooKeeper (kafka.controller.KafkaController)
[2020-11-05 00:19:30,944] INFO [Controller id=0] Initialized controller epoch to 3 and zk version 2 (kafka.controller.KafkaController)
[2020-11-05 00:19:31,482] INFO [Controller id=0] Incrementing controller epoch in ZooKeeper (kafka.controller.KafkaController)
[2020-11-05 00:19:32,396] INFO [Controller id=0] Epoch incremented to 4 (kafka.controller.KafkaController)
[2020-11-05 00:19:33,431] INFO [Controller id=0] Registering handlers (kafka.controller.KafkaController)
[2020-11-05 00:19:37,565] INFO [Controller id=0] Deleting log dir event notifications (kafka.controller.KafkaController)
[2020-11-05 00:19:38,630] INFO [Controller id=0] Deleting isr change notifications (kafka.controller.KafkaController)
[2020-11-05 00:19:39,266] INFO [Controller id=0] Initializing controller context (kafka.controller.KafkaController)
[2020-11-05 00:19:40,038] DEBUG [Controller id=0] Register BrokerModifications handler for Set(0) (kafka.controller.KafkaController)
[2020-11-05 00:19:40,486] DEBUG [Channel manager on controller 0]: Controller 0 trying to connect to broker 0 (kafka.controller.ControllerChannelManager)
[2020-11-05 00:19:40,921] INFO [RequestSendThread controllerId=0] Starting (kafka.controller.RequestSendThread)
[2020-11-05 00:19:40,921] INFO [Controller id=0] Partitions being reassigned: Map() (kafka.controller.KafkaController)
[2020-11-05 00:19:41,589] INFO [Controller id=0] Currently active brokers in the cluster: Set(0) (kafka.controller.KafkaController)
[2020-11-05 00:19:42,674] INFO [Controller id=0] Currently shutting brokers in the cluster: Set() (kafka.controller.KafkaController)
[2020-11-05 00:19:43,488] INFO [Controller id=0] Current list of topics in the cluster: Set(Restaurant-requests, Customer-requests, response_topic, Common-requests, Static-requests) (kafka.controller.KafkaController)
[2020-11-05 00:19:43,878] INFO [Controller id=0] Fetching topic deletions in progress (kafka.controller.KafkaController)
[2020-11-05 00:19:44,243] INFO [Controller id=0] List of topics to be deleted:  (kafka.controller.KafkaController)
[2020-11-05 00:19:44,526] INFO [Controller id=0] List of topics ineligible for deletion:  (kafka.controller.KafkaController)
[2020-11-05 00:19:45,235] INFO [Controller id=0] Initializing topic deletion manager (kafka.controller.KafkaController)
[2020-11-05 00:19:45,604] INFO [Controller id=0] Sending update metadata request (kafka.controller.KafkaController)
[2020-11-05 00:19:47,344] INFO [ReplicaStateMachine controllerId=0] Initializing replica state (kafka.controller.ReplicaStateMachine)
[2020-11-05 00:19:47,629] INFO [ReplicaStateMachine controllerId=0] Triggering online replica state changes (kafka.controller.ReplicaStateMachine)
[2020-11-05 00:19:47,346] INFO [RequestSendThread controllerId=0] Controller 0 connected to pranjay-HP-Laptop-15q-bu0xx:9092 (id: 0 rack: null) for sending state change requests (kafka.controller.RequestSendThread)
[2020-11-05 00:19:56,948] INFO [ReplicaStateMachine controllerId=0] Started replica state machine with initial state -> Map([Topic=Static-requests,Partition=0,Replica=0] -> OnlineReplica, [Topic=Common-requests,Partition=0,Replica=0] -> OnlineReplica, [Topic=response_topic,Partition=0,Replica=0] -> OnlineReplica, [Topic=Customer-requests,Partition=0,Replica=0] -> OnlineReplica, [Topic=Restaurant-requests,Partition=0,Replica=0] -> OnlineReplica) (kafka.controller.ReplicaStateMachine)
[2020-11-05 00:19:57,130] INFO [PartitionStateMachine controllerId=0] Initializing partition state (kafka.controller.PartitionStateMachine)
[2020-11-05 00:19:57,274] INFO [PartitionStateMachine controllerId=0] Triggering online partition state changes (kafka.controller.PartitionStateMachine)
[2020-11-05 00:19:57,706] INFO [PartitionStateMachine controllerId=0] Started partition state machine with initial state -> Map(Customer-requests-0 -> OnlinePartition, Common-requests-0 -> OnlinePartition, Restaurant-requests-0 -> OnlinePartition, Static-requests-0 -> OnlinePartition, response_topic-0 -> OnlinePartition) (kafka.controller.PartitionStateMachine)
[2020-11-05 00:19:58,331] INFO [Controller id=0] Ready to serve as the new controller with epoch 4 (kafka.controller.KafkaController)
[2020-11-05 00:19:58,583] INFO [Controller id=0] Partitions undergoing preferred replica election:  (kafka.controller.KafkaController)
[2020-11-05 00:19:58,913] INFO [Controller id=0] Partitions that completed preferred replica election:  (kafka.controller.KafkaController)
[2020-11-05 00:19:59,366] INFO [Controller id=0] Skipping preferred replica election for partitions due to topic deletion:  (kafka.controller.KafkaController)
[2020-11-05 00:19:59,556] INFO [Controller id=0] Resuming preferred replica election for partitions:  (kafka.controller.KafkaController)
[2020-11-05 00:20:00,024] INFO [Controller id=0] Starting preferred replica leader election for partitions  (kafka.controller.KafkaController)
[2020-11-05 00:20:01,022] INFO [Controller id=0] Starting the controller scheduler (kafka.controller.KafkaController)
[2020-11-05 00:20:06,688] TRACE [Controller id=0] Checking need to trigger auto leader balancing (kafka.controller.KafkaController)
[2020-11-05 00:20:07,205] DEBUG [Controller id=0] Preferred replicas by broker Map(0 -> Map(Customer-requests-0 -> Vector(0), Common-requests-0 -> Vector(0), Restaurant-requests-0 -> Vector(0), Static-requests-0 -> Vector(0), response_topic-0 -> Vector(0))) (kafka.controller.KafkaController)
[2020-11-05 00:20:07,615] DEBUG [Controller id=0] Topics not in preferred replica for broker 0 Map() (kafka.controller.KafkaController)
[2020-11-05 00:20:08,231] TRACE [Controller id=0] Leader imbalance ratio for broker 0 is 0.0 (kafka.controller.KafkaController)
[2020-11-05 00:27:19,885] DEBUG preRegister called. Server=com.sun.jmx.mbeanserver.JmxMBeanServer@66d3c617, name=log4j:logger=kafka.controller (kafka.controller)
[2020-11-05 00:29:16,477] INFO [ControllerEventThread controllerId=0] Starting (kafka.controller.ControllerEventManager$ControllerEventThread)
[2020-11-05 00:29:16,683] INFO [Controller id=0] 0 successfully elected as the controller (kafka.controller.KafkaController)
[2020-11-05 00:29:16,700] INFO [Controller id=0] Reading controller epoch from ZooKeeper (kafka.controller.KafkaController)
[2020-11-05 00:29:16,766] INFO [Controller id=0] Incrementing controller epoch in ZooKeeper (kafka.controller.KafkaController)
[2020-11-05 00:29:16,905] INFO [Controller id=0] Epoch incremented to 1 (kafka.controller.KafkaController)
[2020-11-05 00:29:16,953] INFO [Controller id=0] Registering handlers (kafka.controller.KafkaController)
[2020-11-05 00:29:17,012] INFO [Controller id=0] Deleting log dir event notifications (kafka.controller.KafkaController)
[2020-11-05 00:29:17,072] INFO [Controller id=0] Deleting isr change notifications (kafka.controller.KafkaController)
[2020-11-05 00:29:17,097] INFO [Controller id=0] Initializing controller context (kafka.controller.KafkaController)
[2020-11-05 00:29:17,296] DEBUG [Controller id=0] Register BrokerModifications handler for Set(0) (kafka.controller.KafkaController)
[2020-11-05 00:29:17,360] DEBUG [Channel manager on controller 0]: Controller 0 trying to connect to broker 0 (kafka.controller.ControllerChannelManager)
[2020-11-05 00:29:17,449] INFO [RequestSendThread controllerId=0] Starting (kafka.controller.RequestSendThread)
[2020-11-05 00:29:17,453] INFO [Controller id=0] Partitions being reassigned: Map() (kafka.controller.KafkaController)
[2020-11-05 00:29:17,506] INFO [Controller id=0] Currently active brokers in the cluster: Set(0) (kafka.controller.KafkaController)
[2020-11-05 00:29:17,525] INFO [Controller id=0] Currently shutting brokers in the cluster: Set() (kafka.controller.KafkaController)
[2020-11-05 00:29:17,546] INFO [Controller id=0] Current list of topics in the cluster: Set() (kafka.controller.KafkaController)
[2020-11-05 00:29:17,559] INFO [Controller id=0] Fetching topic deletions in progress (kafka.controller.KafkaController)
[2020-11-05 00:29:17,586] INFO [Controller id=0] List of topics to be deleted:  (kafka.controller.KafkaController)
[2020-11-05 00:29:17,593] INFO [Controller id=0] List of topics ineligible for deletion:  (kafka.controller.KafkaController)
[2020-11-05 00:29:17,595] INFO [Controller id=0] Initializing topic deletion manager (kafka.controller.KafkaController)
[2020-11-05 00:29:17,598] INFO [Controller id=0] Sending update metadata request (kafka.controller.KafkaController)
[2020-11-05 00:29:17,691] INFO [ReplicaStateMachine controllerId=0] Initializing replica state (kafka.controller.ReplicaStateMachine)
[2020-11-05 00:29:17,704] INFO [ReplicaStateMachine controllerId=0] Triggering online replica state changes (kafka.controller.ReplicaStateMachine)
[2020-11-05 00:29:17,812] INFO [ReplicaStateMachine controllerId=0] Started replica state machine with initial state -> Map() (kafka.controller.ReplicaStateMachine)
[2020-11-05 00:29:17,816] INFO [RequestSendThread controllerId=0] Controller 0 connected to pranjay-HP-Laptop-15q-bu0xx:9092 (id: 0 rack: null) for sending state change requests (kafka.controller.RequestSendThread)
[2020-11-05 00:29:17,821] INFO [PartitionStateMachine controllerId=0] Initializing partition state (kafka.controller.PartitionStateMachine)
[2020-11-05 00:29:17,837] INFO [PartitionStateMachine controllerId=0] Triggering online partition state changes (kafka.controller.PartitionStateMachine)
[2020-11-05 00:29:17,894] INFO [PartitionStateMachine controllerId=0] Started partition state machine with initial state -> Map() (kafka.controller.PartitionStateMachine)
[2020-11-05 00:29:17,904] INFO [Controller id=0] Ready to serve as the new controller with epoch 1 (kafka.controller.KafkaController)
[2020-11-05 00:29:17,949] INFO [Controller id=0] Partitions undergoing preferred replica election:  (kafka.controller.KafkaController)
[2020-11-05 00:29:17,993] INFO [Controller id=0] Partitions that completed preferred replica election:  (kafka.controller.KafkaController)
[2020-11-05 00:29:17,995] INFO [Controller id=0] Skipping preferred replica election for partitions due to topic deletion:  (kafka.controller.KafkaController)
[2020-11-05 00:29:18,008] INFO [Controller id=0] Resuming preferred replica election for partitions:  (kafka.controller.KafkaController)
[2020-11-05 00:29:18,038] INFO [Controller id=0] Starting preferred replica leader election for partitions  (kafka.controller.KafkaController)
[2020-11-05 00:29:18,143] INFO [Controller id=0] Starting the controller scheduler (kafka.controller.KafkaController)
[2020-11-05 00:29:23,169] TRACE [Controller id=0] Checking need to trigger auto leader balancing (kafka.controller.KafkaController)
[2020-11-05 00:29:23,181] DEBUG [Controller id=0] Preferred replicas by broker Map() (kafka.controller.KafkaController)
[2020-11-05 00:29:53,628] INFO [Controller id=0] New topics: [Set(Static-requests)], deleted topics: [Set()], new partition replica assignment [Map(Static-requests-0 -> Vector(0))] (kafka.controller.KafkaController)
[2020-11-05 00:29:53,651] INFO [Controller id=0] New partition creation callback for Static-requests-0 (kafka.controller.KafkaController)
[2020-11-05 00:30:24,959] INFO [Controller id=0] New topics: [Set(Restaurant-requests)], deleted topics: [Set()], new partition replica assignment [Map(Restaurant-requests-0 -> Vector(0))] (kafka.controller.KafkaController)
[2020-11-05 00:30:24,967] INFO [Controller id=0] New partition creation callback for Restaurant-requests-0 (kafka.controller.KafkaController)
[2020-11-05 00:30:33,265] INFO [Controller id=0] New topics: [Set(response_topic)], deleted topics: [Set()], new partition replica assignment [Map(response_topic-0 -> Vector(0))] (kafka.controller.KafkaController)
[2020-11-05 00:30:33,275] INFO [Controller id=0] New partition creation callback for response_topic-0 (kafka.controller.KafkaController)
[2020-11-05 00:30:55,488] INFO [Controller id=0] New topics: [Set(Customer-requests)], deleted topics: [Set()], new partition replica assignment [Map(Customer-requests-0 -> Vector(0))] (kafka.controller.KafkaController)
[2020-11-05 00:30:55,492] INFO [Controller id=0] New partition creation callback for Customer-requests-0 (kafka.controller.KafkaController)
[2020-11-05 00:31:03,650] INFO [Controller id=0] New topics: [Set(Common-requests)], deleted topics: [Set()], new partition replica assignment [Map(Common-requests-0 -> Vector(0))] (kafka.controller.KafkaController)
[2020-11-05 00:31:03,668] INFO [Controller id=0] New partition creation callback for Common-requests-0 (kafka.controller.KafkaController)
[2020-11-05 00:34:23,198] TRACE [Controller id=0] Checking need to trigger auto leader balancing (kafka.controller.KafkaController)
[2020-11-05 00:34:23,199] DEBUG [Controller id=0] Preferred replicas by broker Map(0 -> Map(Customer-requests-0 -> Vector(0), Restaurant-requests-0 -> Vector(0), Common-requests-0 -> Vector(0), Static-requests-0 -> Vector(0), response_topic-0 -> Vector(0))) (kafka.controller.KafkaController)
[2020-11-05 00:34:23,200] DEBUG [Controller id=0] Topics not in preferred replica for broker 0 Map() (kafka.controller.KafkaController)
[2020-11-05 00:34:23,201] TRACE [Controller id=0] Leader imbalance ratio for broker 0 is 0.0 (kafka.controller.KafkaController)
[2020-11-05 00:39:23,201] TRACE [Controller id=0] Checking need to trigger auto leader balancing (kafka.controller.KafkaController)
[2020-11-05 00:39:23,203] DEBUG [Controller id=0] Preferred replicas by broker Map(0 -> Map(Customer-requests-0 -> Vector(0), Restaurant-requests-0 -> Vector(0), Common-requests-0 -> Vector(0), Static-requests-0 -> Vector(0), response_topic-0 -> Vector(0))) (kafka.controller.KafkaController)
[2020-11-05 00:39:23,204] DEBUG [Controller id=0] Topics not in preferred replica for broker 0 Map() (kafka.controller.KafkaController)
[2020-11-05 00:39:23,204] TRACE [Controller id=0] Leader imbalance ratio for broker 0 is 0.0 (kafka.controller.KafkaController)
[2020-11-05 00:44:23,206] TRACE [Controller id=0] Checking need to trigger auto leader balancing (kafka.controller.KafkaController)
[2020-11-05 00:44:23,206] DEBUG [Controller id=0] Preferred replicas by broker Map(0 -> Map(Customer-requests-0 -> Vector(0), Restaurant-requests-0 -> Vector(0), Common-requests-0 -> Vector(0), Static-requests-0 -> Vector(0), response_topic-0 -> Vector(0))) (kafka.controller.KafkaController)
[2020-11-05 00:44:23,207] DEBUG [Controller id=0] Topics not in preferred replica for broker 0 Map() (kafka.controller.KafkaController)
[2020-11-05 00:44:23,207] TRACE [Controller id=0] Leader imbalance ratio for broker 0 is 0.0 (kafka.controller.KafkaController)
[2020-11-05 00:49:23,207] TRACE [Controller id=0] Checking need to trigger auto leader balancing (kafka.controller.KafkaController)
[2020-11-05 00:49:23,208] DEBUG [Controller id=0] Preferred replicas by broker Map(0 -> Map(Customer-requests-0 -> Vector(0), Restaurant-requests-0 -> Vector(0), Common-requests-0 -> Vector(0), Static-requests-0 -> Vector(0), response_topic-0 -> Vector(0))) (kafka.controller.KafkaController)
[2020-11-05 00:49:23,208] DEBUG [Controller id=0] Topics not in preferred replica for broker 0 Map() (kafka.controller.KafkaController)
[2020-11-05 00:49:23,208] TRACE [Controller id=0] Leader imbalance ratio for broker 0 is 0.0 (kafka.controller.KafkaController)
[2020-11-05 00:54:23,208] TRACE [Controller id=0] Checking need to trigger auto leader balancing (kafka.controller.KafkaController)
[2020-11-05 00:54:23,209] DEBUG [Controller id=0] Preferred replicas by broker Map(0 -> Map(Customer-requests-0 -> Vector(0), Restaurant-requests-0 -> Vector(0), Common-requests-0 -> Vector(0), Static-requests-0 -> Vector(0), response_topic-0 -> Vector(0))) (kafka.controller.KafkaController)
[2020-11-05 00:54:23,209] DEBUG [Controller id=0] Topics not in preferred replica for broker 0 Map() (kafka.controller.KafkaController)
[2020-11-05 00:54:23,210] TRACE [Controller id=0] Leader imbalance ratio for broker 0 is 0.0 (kafka.controller.KafkaController)
[2020-11-05 00:56:39,372] INFO [Controller id=0] Shutting down broker 0 (kafka.controller.KafkaController)
[2020-11-05 00:56:39,372] DEBUG [Controller id=0] All shutting down brokers: 0 (kafka.controller.KafkaController)
[2020-11-05 00:56:39,376] DEBUG [Controller id=0] Live brokers:  (kafka.controller.KafkaController)
[2020-11-05 00:56:39,406] TRACE [Controller id=0] All leaders = Customer-requests-0 -> (Leader:0,ISR:0,LeaderEpoch:0,ControllerEpoch:1),Common-requests-0 -> (Leader:0,ISR:0,LeaderEpoch:0,ControllerEpoch:1),Restaurant-requests-0 -> (Leader:0,ISR:0,LeaderEpoch:0,ControllerEpoch:1),Static-requests-0 -> (Leader:0,ISR:0,LeaderEpoch:0,ControllerEpoch:1),response_topic-0 -> (Leader:0,ISR:0,LeaderEpoch:0,ControllerEpoch:1) (kafka.controller.KafkaController)
[2020-11-05 00:56:41,742] INFO [ControllerEventThread controllerId=0] Shutting down (kafka.controller.ControllerEventManager$ControllerEventThread)
[2020-11-05 00:56:41,742] INFO [ControllerEventThread controllerId=0] Stopped (kafka.controller.ControllerEventManager$ControllerEventThread)
[2020-11-05 00:56:41,743] INFO [ControllerEventThread controllerId=0] Shutdown completed (kafka.controller.ControllerEventManager$ControllerEventThread)
[2020-11-05 00:56:41,744] DEBUG [Controller id=0] Resigning (kafka.controller.KafkaController)
[2020-11-05 00:56:41,746] DEBUG [Controller id=0] Unregister BrokerModifications handler for Set(0) (kafka.controller.KafkaController)
[2020-11-05 00:56:41,748] INFO [PartitionStateMachine controllerId=0] Stopped partition state machine (kafka.controller.PartitionStateMachine)
[2020-11-05 00:56:41,749] INFO [ReplicaStateMachine controllerId=0] Stopped replica state machine (kafka.controller.ReplicaStateMachine)
[2020-11-05 00:56:41,751] INFO [RequestSendThread controllerId=0] Shutting down (kafka.controller.RequestSendThread)
[2020-11-05 00:56:41,752] INFO [RequestSendThread controllerId=0] Shutdown completed (kafka.controller.RequestSendThread)
[2020-11-05 00:56:41,751] INFO [RequestSendThread controllerId=0] Stopped (kafka.controller.RequestSendThread)
[2020-11-05 00:56:41,757] INFO [Controller id=0] Resigned (kafka.controller.KafkaController)
