[2020-11-05 00:16:01,278] TRACE [Controller id=0 epoch=3] Sending UpdateMetadata request PartitionState(controllerEpoch=1, leader=0, leaderEpoch=0, isr=[0], zkVersion=0, replicas=[0], offlineReplicas=[]) to brokers Set(0) for partition Customer-requests-0 (state.change.logger)
[2020-11-05 00:16:05,908] TRACE [Controller id=0 epoch=3] Sending UpdateMetadata request PartitionState(controllerEpoch=1, leader=0, leaderEpoch=0, isr=[0], zkVersion=0, replicas=[0], offlineReplicas=[]) to brokers Set(0) for partition Common-requests-0 (state.change.logger)
[2020-11-05 00:16:06,137] TRACE [Controller id=0 epoch=3] Sending UpdateMetadata request PartitionState(controllerEpoch=1, leader=0, leaderEpoch=0, isr=[0], zkVersion=0, replicas=[0], offlineReplicas=[]) to brokers Set(0) for partition Restaurant-requests-0 (state.change.logger)
[2020-11-05 00:16:06,493] TRACE [Controller id=0 epoch=3] Sending UpdateMetadata request PartitionState(controllerEpoch=1, leader=0, leaderEpoch=0, isr=[0], zkVersion=0, replicas=[0], offlineReplicas=[]) to brokers Set(0) for partition Static-requests-0 (state.change.logger)
[2020-11-05 00:16:06,760] TRACE [Controller id=0 epoch=3] Sending UpdateMetadata request PartitionState(controllerEpoch=1, leader=0, leaderEpoch=0, isr=[0], zkVersion=0, replicas=[0], offlineReplicas=[]) to brokers Set(0) for partition response_topic-0 (state.change.logger)
[2020-11-05 00:16:08,331] TRACE [Broker id=0] Cached leader info PartitionState(controllerEpoch=1, leader=0, leaderEpoch=0, isr=[0], zkVersion=0, replicas=[0], offlineReplicas=[]) for partition Restaurant-requests-0 in response to UpdateMetadata request sent by controller 0 epoch 3 with correlation id 0 (state.change.logger)
[2020-11-05 00:16:09,502] TRACE [Broker id=0] Cached leader info PartitionState(controllerEpoch=1, leader=0, leaderEpoch=0, isr=[0], zkVersion=0, replicas=[0], offlineReplicas=[]) for partition response_topic-0 in response to UpdateMetadata request sent by controller 0 epoch 3 with correlation id 0 (state.change.logger)
[2020-11-05 00:16:09,503] TRACE [Controller id=0 epoch=3] Changed state of replica 0 for partition Customer-requests-0 from OnlineReplica to OnlineReplica (state.change.logger)
[2020-11-05 00:16:09,839] TRACE [Broker id=0] Cached leader info PartitionState(controllerEpoch=1, leader=0, leaderEpoch=0, isr=[0], zkVersion=0, replicas=[0], offlineReplicas=[]) for partition Common-requests-0 in response to UpdateMetadata request sent by controller 0 epoch 3 with correlation id 0 (state.change.logger)
[2020-11-05 00:16:09,960] TRACE [Controller id=0 epoch=3] Changed state of replica 0 for partition response_topic-0 from OnlineReplica to OnlineReplica (state.change.logger)
[2020-11-05 00:16:10,297] TRACE [Broker id=0] Cached leader info PartitionState(controllerEpoch=1, leader=0, leaderEpoch=0, isr=[0], zkVersion=0, replicas=[0], offlineReplicas=[]) for partition Static-requests-0 in response to UpdateMetadata request sent by controller 0 epoch 3 with correlation id 0 (state.change.logger)
[2020-11-05 00:16:10,469] TRACE [Controller id=0 epoch=3] Changed state of replica 0 for partition Restaurant-requests-0 from OnlineReplica to OnlineReplica (state.change.logger)
[2020-11-05 00:16:10,710] TRACE [Broker id=0] Cached leader info PartitionState(controllerEpoch=1, leader=0, leaderEpoch=0, isr=[0], zkVersion=0, replicas=[0], offlineReplicas=[]) for partition Customer-requests-0 in response to UpdateMetadata request sent by controller 0 epoch 3 with correlation id 0 (state.change.logger)
[2020-11-05 00:16:11,064] TRACE [Controller id=0 epoch=3] Changed state of replica 0 for partition Common-requests-0 from OnlineReplica to OnlineReplica (state.change.logger)
[2020-11-05 00:16:11,481] TRACE [Controller id=0 epoch=3] Changed state of replica 0 for partition Static-requests-0 from OnlineReplica to OnlineReplica (state.change.logger)
[2020-11-05 00:16:11,245] TRACE [Controller id=0 epoch=3] Received response {error_code=0} for request UPDATE_METADATA with correlation id 0 sent to broker pranjay-HP-Laptop-15q-bu0xx:9092 (id: 0 rack: null) (state.change.logger)
[2020-11-05 00:16:11,663] TRACE [Controller id=0 epoch=3] Sending become-leader LeaderAndIsr request PartitionState(controllerEpoch=1, leader=0, leaderEpoch=0, isr=0, zkVersion=0, replicas=0, isNew=false) to broker 0 for partition Customer-requests-0 (state.change.logger)
[2020-11-05 00:16:12,345] TRACE [Controller id=0 epoch=3] Sending become-leader LeaderAndIsr request PartitionState(controllerEpoch=1, leader=0, leaderEpoch=0, isr=0, zkVersion=0, replicas=0, isNew=false) to broker 0 for partition Common-requests-0 (state.change.logger)
[2020-11-05 00:16:12,860] TRACE [Controller id=0 epoch=3] Sending become-leader LeaderAndIsr request PartitionState(controllerEpoch=1, leader=0, leaderEpoch=0, isr=0, zkVersion=0, replicas=0, isNew=false) to broker 0 for partition Restaurant-requests-0 (state.change.logger)
[2020-11-05 00:16:13,224] TRACE [Controller id=0 epoch=3] Sending become-leader LeaderAndIsr request PartitionState(controllerEpoch=1, leader=0, leaderEpoch=0, isr=0, zkVersion=0, replicas=0, isNew=false) to broker 0 for partition Static-requests-0 (state.change.logger)
[2020-11-05 00:16:13,608] TRACE [Controller id=0 epoch=3] Sending become-leader LeaderAndIsr request PartitionState(controllerEpoch=1, leader=0, leaderEpoch=0, isr=0, zkVersion=0, replicas=0, isNew=false) to broker 0 for partition response_topic-0 (state.change.logger)
[2020-11-05 00:16:13,710] TRACE [Controller id=0 epoch=3] Sending UpdateMetadata request PartitionState(controllerEpoch=1, leader=0, leaderEpoch=0, isr=[0], zkVersion=0, replicas=[0], offlineReplicas=[]) to brokers Set(0) for partition Customer-requests-0 (state.change.logger)
[2020-11-05 00:16:13,711] TRACE [Broker id=0] Received LeaderAndIsr request PartitionState(controllerEpoch=1, leader=0, leaderEpoch=0, isr=0, zkVersion=0, replicas=0, isNew=false) correlation id 1 from controller 0 epoch 3 for partition Restaurant-requests-0 (state.change.logger)
[2020-11-05 00:16:13,912] TRACE [Controller id=0 epoch=3] Sending UpdateMetadata request PartitionState(controllerEpoch=1, leader=0, leaderEpoch=0, isr=[0], zkVersion=0, replicas=[0], offlineReplicas=[]) to brokers Set(0) for partition Common-requests-0 (state.change.logger)
[2020-11-05 00:16:14,279] TRACE [Broker id=0] Received LeaderAndIsr request PartitionState(controllerEpoch=1, leader=0, leaderEpoch=0, isr=0, zkVersion=0, replicas=0, isNew=false) correlation id 1 from controller 0 epoch 3 for partition response_topic-0 (state.change.logger)
[2020-11-05 00:16:15,753] TRACE [Controller id=0 epoch=3] Sending UpdateMetadata request PartitionState(controllerEpoch=1, leader=0, leaderEpoch=0, isr=[0], zkVersion=0, replicas=[0], offlineReplicas=[]) to brokers Set(0) for partition Restaurant-requests-0 (state.change.logger)
[2020-11-05 00:16:16,769] TRACE [Controller id=0 epoch=3] Sending UpdateMetadata request PartitionState(controllerEpoch=1, leader=0, leaderEpoch=0, isr=[0], zkVersion=0, replicas=[0], offlineReplicas=[]) to brokers Set(0) for partition Static-requests-0 (state.change.logger)
[2020-11-05 00:16:16,064] TRACE [Broker id=0] Received LeaderAndIsr request PartitionState(controllerEpoch=1, leader=0, leaderEpoch=0, isr=0, zkVersion=0, replicas=0, isNew=false) correlation id 1 from controller 0 epoch 3 for partition Common-requests-0 (state.change.logger)
[2020-11-05 00:16:17,491] TRACE [Controller id=0 epoch=3] Sending UpdateMetadata request PartitionState(controllerEpoch=1, leader=0, leaderEpoch=0, isr=[0], zkVersion=0, replicas=[0], offlineReplicas=[]) to brokers Set(0) for partition response_topic-0 (state.change.logger)
[2020-11-05 00:16:17,704] TRACE [Broker id=0] Received LeaderAndIsr request PartitionState(controllerEpoch=1, leader=0, leaderEpoch=0, isr=0, zkVersion=0, replicas=0, isNew=false) correlation id 1 from controller 0 epoch 3 for partition Static-requests-0 (state.change.logger)
[2020-11-05 00:16:18,681] TRACE [Broker id=0] Received LeaderAndIsr request PartitionState(controllerEpoch=1, leader=0, leaderEpoch=0, isr=0, zkVersion=0, replicas=0, isNew=false) correlation id 1 from controller 0 epoch 3 for partition Customer-requests-0 (state.change.logger)
[2020-11-05 00:16:19,445] WARN [Broker id=0] Ignoring LeaderAndIsr request from controller 0 with correlation id 1 epoch 3 for partition Restaurant-requests-0 since its associated leader epoch 0 is not higher than the current leader epoch 0 (state.change.logger)
[2020-11-05 00:16:19,878] WARN [Broker id=0] Ignoring LeaderAndIsr request from controller 0 with correlation id 1 epoch 3 for partition response_topic-0 since its associated leader epoch 0 is not higher than the current leader epoch 0 (state.change.logger)
[2020-11-05 00:16:20,172] WARN [Broker id=0] Ignoring LeaderAndIsr request from controller 0 with correlation id 1 epoch 3 for partition Common-requests-0 since its associated leader epoch 0 is not higher than the current leader epoch 0 (state.change.logger)
[2020-11-05 00:16:20,313] WARN [Broker id=0] Ignoring LeaderAndIsr request from controller 0 with correlation id 1 epoch 3 for partition Static-requests-0 since its associated leader epoch 0 is not higher than the current leader epoch 0 (state.change.logger)
[2020-11-05 00:16:21,135] WARN [Broker id=0] Ignoring LeaderAndIsr request from controller 0 with correlation id 1 epoch 3 for partition Customer-requests-0 since its associated leader epoch 0 is not higher than the current leader epoch 0 (state.change.logger)
[2020-11-05 00:16:21,625] TRACE [Controller id=0 epoch=3] Received response {error_code=0,partitions=[{topic=Restaurant-requests,partition=0,error_code=11},{topic=response_topic,partition=0,error_code=11},{topic=Common-requests,partition=0,error_code=11},{topic=Static-requests,partition=0,error_code=11},{topic=Customer-requests,partition=0,error_code=11}]} for request LEADER_AND_ISR with correlation id 1 sent to broker pranjay-HP-Laptop-15q-bu0xx:9092 (id: 0 rack: null) (state.change.logger)
[2020-11-05 00:16:21,791] TRACE [Broker id=0] Cached leader info PartitionState(controllerEpoch=1, leader=0, leaderEpoch=0, isr=[0], zkVersion=0, replicas=[0], offlineReplicas=[]) for partition Restaurant-requests-0 in response to UpdateMetadata request sent by controller 0 epoch 3 with correlation id 2 (state.change.logger)
[2020-11-05 00:16:22,143] TRACE [Broker id=0] Cached leader info PartitionState(controllerEpoch=1, leader=0, leaderEpoch=0, isr=[0], zkVersion=0, replicas=[0], offlineReplicas=[]) for partition response_topic-0 in response to UpdateMetadata request sent by controller 0 epoch 3 with correlation id 2 (state.change.logger)
[2020-11-05 00:16:22,571] TRACE [Broker id=0] Cached leader info PartitionState(controllerEpoch=1, leader=0, leaderEpoch=0, isr=[0], zkVersion=0, replicas=[0], offlineReplicas=[]) for partition Common-requests-0 in response to UpdateMetadata request sent by controller 0 epoch 3 with correlation id 2 (state.change.logger)
[2020-11-05 00:16:22,883] TRACE [Broker id=0] Cached leader info PartitionState(controllerEpoch=1, leader=0, leaderEpoch=0, isr=[0], zkVersion=0, replicas=[0], offlineReplicas=[]) for partition Static-requests-0 in response to UpdateMetadata request sent by controller 0 epoch 3 with correlation id 2 (state.change.logger)
[2020-11-05 00:16:23,033] TRACE [Broker id=0] Cached leader info PartitionState(controllerEpoch=1, leader=0, leaderEpoch=0, isr=[0], zkVersion=0, replicas=[0], offlineReplicas=[]) for partition Customer-requests-0 in response to UpdateMetadata request sent by controller 0 epoch 3 with correlation id 2 (state.change.logger)
[2020-11-05 00:16:23,068] TRACE [Controller id=0 epoch=3] Received response {error_code=0} for request UPDATE_METADATA with correlation id 2 sent to broker pranjay-HP-Laptop-15q-bu0xx:9092 (id: 0 rack: null) (state.change.logger)
[2020-11-05 00:19:45,833] TRACE [Controller id=0 epoch=4] Sending UpdateMetadata request PartitionState(controllerEpoch=1, leader=0, leaderEpoch=0, isr=[0], zkVersion=0, replicas=[0], offlineReplicas=[]) to brokers Set(0) for partition Customer-requests-0 (state.change.logger)
[2020-11-05 00:19:46,261] TRACE [Controller id=0 epoch=4] Sending UpdateMetadata request PartitionState(controllerEpoch=1, leader=0, leaderEpoch=0, isr=[0], zkVersion=0, replicas=[0], offlineReplicas=[]) to brokers Set(0) for partition Common-requests-0 (state.change.logger)
[2020-11-05 00:19:46,835] TRACE [Controller id=0 epoch=4] Sending UpdateMetadata request PartitionState(controllerEpoch=1, leader=0, leaderEpoch=0, isr=[0], zkVersion=0, replicas=[0], offlineReplicas=[]) to brokers Set(0) for partition Restaurant-requests-0 (state.change.logger)
[2020-11-05 00:19:46,993] TRACE [Controller id=0 epoch=4] Sending UpdateMetadata request PartitionState(controllerEpoch=1, leader=0, leaderEpoch=0, isr=[0], zkVersion=0, replicas=[0], offlineReplicas=[]) to brokers Set(0) for partition Static-requests-0 (state.change.logger)
[2020-11-05 00:19:47,136] TRACE [Controller id=0 epoch=4] Sending UpdateMetadata request PartitionState(controllerEpoch=1, leader=0, leaderEpoch=0, isr=[0], zkVersion=0, replicas=[0], offlineReplicas=[]) to brokers Set(0) for partition response_topic-0 (state.change.logger)
[2020-11-05 00:19:47,878] TRACE [Controller id=0 epoch=4] Changed state of replica 0 for partition Customer-requests-0 from OnlineReplica to OnlineReplica (state.change.logger)
[2020-11-05 00:19:48,200] TRACE [Controller id=0 epoch=4] Changed state of replica 0 for partition response_topic-0 from OnlineReplica to OnlineReplica (state.change.logger)
[2020-11-05 00:19:49,187] TRACE [Controller id=0 epoch=4] Changed state of replica 0 for partition Restaurant-requests-0 from OnlineReplica to OnlineReplica (state.change.logger)
[2020-11-05 00:19:49,469] TRACE [Controller id=0 epoch=4] Changed state of replica 0 for partition Common-requests-0 from OnlineReplica to OnlineReplica (state.change.logger)
[2020-11-05 00:19:49,731] TRACE [Controller id=0 epoch=4] Changed state of replica 0 for partition Static-requests-0 from OnlineReplica to OnlineReplica (state.change.logger)
[2020-11-05 00:19:49,874] TRACE [Controller id=0 epoch=4] Sending become-leader LeaderAndIsr request PartitionState(controllerEpoch=1, leader=0, leaderEpoch=0, isr=0, zkVersion=0, replicas=0, isNew=false) to broker 0 for partition Customer-requests-0 (state.change.logger)
[2020-11-05 00:19:48,200] TRACE [Broker id=0] Cached leader info PartitionState(controllerEpoch=1, leader=0, leaderEpoch=0, isr=[0], zkVersion=0, replicas=[0], offlineReplicas=[]) for partition Restaurant-requests-0 in response to UpdateMetadata request sent by controller 0 epoch 4 with correlation id 0 (state.change.logger)
[2020-11-05 00:19:50,253] TRACE [Broker id=0] Cached leader info PartitionState(controllerEpoch=1, leader=0, leaderEpoch=0, isr=[0], zkVersion=0, replicas=[0], offlineReplicas=[]) for partition response_topic-0 in response to UpdateMetadata request sent by controller 0 epoch 4 with correlation id 0 (state.change.logger)
[2020-11-05 00:19:50,084] TRACE [Controller id=0 epoch=4] Sending become-leader LeaderAndIsr request PartitionState(controllerEpoch=1, leader=0, leaderEpoch=0, isr=0, zkVersion=0, replicas=0, isNew=false) to broker 0 for partition Common-requests-0 (state.change.logger)
[2020-11-05 00:19:50,470] TRACE [Broker id=0] Cached leader info PartitionState(controllerEpoch=1, leader=0, leaderEpoch=0, isr=[0], zkVersion=0, replicas=[0], offlineReplicas=[]) for partition Common-requests-0 in response to UpdateMetadata request sent by controller 0 epoch 4 with correlation id 0 (state.change.logger)
[2020-11-05 00:19:51,062] TRACE [Broker id=0] Cached leader info PartitionState(controllerEpoch=1, leader=0, leaderEpoch=0, isr=[0], zkVersion=0, replicas=[0], offlineReplicas=[]) for partition Static-requests-0 in response to UpdateMetadata request sent by controller 0 epoch 4 with correlation id 0 (state.change.logger)
[2020-11-05 00:19:51,726] TRACE [Broker id=0] Cached leader info PartitionState(controllerEpoch=1, leader=0, leaderEpoch=0, isr=[0], zkVersion=0, replicas=[0], offlineReplicas=[]) for partition Customer-requests-0 in response to UpdateMetadata request sent by controller 0 epoch 4 with correlation id 0 (state.change.logger)
[2020-11-05 00:19:50,837] TRACE [Controller id=0 epoch=4] Sending become-leader LeaderAndIsr request PartitionState(controllerEpoch=1, leader=0, leaderEpoch=0, isr=0, zkVersion=0, replicas=0, isNew=false) to broker 0 for partition Restaurant-requests-0 (state.change.logger)
[2020-11-05 00:19:52,489] TRACE [Controller id=0 epoch=4] Sending become-leader LeaderAndIsr request PartitionState(controllerEpoch=1, leader=0, leaderEpoch=0, isr=0, zkVersion=0, replicas=0, isNew=false) to broker 0 for partition Static-requests-0 (state.change.logger)
[2020-11-05 00:19:52,861] TRACE [Controller id=0 epoch=4] Sending become-leader LeaderAndIsr request PartitionState(controllerEpoch=1, leader=0, leaderEpoch=0, isr=0, zkVersion=0, replicas=0, isNew=false) to broker 0 for partition response_topic-0 (state.change.logger)
[2020-11-05 00:19:53,048] TRACE [Controller id=0 epoch=4] Sending UpdateMetadata request PartitionState(controllerEpoch=1, leader=0, leaderEpoch=0, isr=[0], zkVersion=0, replicas=[0], offlineReplicas=[]) to brokers Set(0) for partition Customer-requests-0 (state.change.logger)
[2020-11-05 00:19:52,242] TRACE [Controller id=0 epoch=4] Received response {error_code=0} for request UPDATE_METADATA with correlation id 0 sent to broker pranjay-HP-Laptop-15q-bu0xx:9092 (id: 0 rack: null) (state.change.logger)
[2020-11-05 00:19:53,354] TRACE [Controller id=0 epoch=4] Sending UpdateMetadata request PartitionState(controllerEpoch=1, leader=0, leaderEpoch=0, isr=[0], zkVersion=0, replicas=[0], offlineReplicas=[]) to brokers Set(0) for partition Common-requests-0 (state.change.logger)
[2020-11-05 00:19:54,041] TRACE [Controller id=0 epoch=4] Sending UpdateMetadata request PartitionState(controllerEpoch=1, leader=0, leaderEpoch=0, isr=[0], zkVersion=0, replicas=[0], offlineReplicas=[]) to brokers Set(0) for partition Restaurant-requests-0 (state.change.logger)
[2020-11-05 00:19:54,224] TRACE [Controller id=0 epoch=4] Sending UpdateMetadata request PartitionState(controllerEpoch=1, leader=0, leaderEpoch=0, isr=[0], zkVersion=0, replicas=[0], offlineReplicas=[]) to brokers Set(0) for partition Static-requests-0 (state.change.logger)
[2020-11-05 00:19:53,727] TRACE [Broker id=0] Received LeaderAndIsr request PartitionState(controllerEpoch=1, leader=0, leaderEpoch=0, isr=0, zkVersion=0, replicas=0, isNew=false) correlation id 1 from controller 0 epoch 4 for partition Restaurant-requests-0 (state.change.logger)
[2020-11-05 00:19:54,683] TRACE [Broker id=0] Received LeaderAndIsr request PartitionState(controllerEpoch=1, leader=0, leaderEpoch=0, isr=0, zkVersion=0, replicas=0, isNew=false) correlation id 1 from controller 0 epoch 4 for partition response_topic-0 (state.change.logger)
[2020-11-05 00:19:55,456] TRACE [Broker id=0] Received LeaderAndIsr request PartitionState(controllerEpoch=1, leader=0, leaderEpoch=0, isr=0, zkVersion=0, replicas=0, isNew=false) correlation id 1 from controller 0 epoch 4 for partition Common-requests-0 (state.change.logger)
[2020-11-05 00:19:55,959] TRACE [Broker id=0] Received LeaderAndIsr request PartitionState(controllerEpoch=1, leader=0, leaderEpoch=0, isr=0, zkVersion=0, replicas=0, isNew=false) correlation id 1 from controller 0 epoch 4 for partition Static-requests-0 (state.change.logger)
[2020-11-05 00:19:56,324] TRACE [Broker id=0] Received LeaderAndIsr request PartitionState(controllerEpoch=1, leader=0, leaderEpoch=0, isr=0, zkVersion=0, replicas=0, isNew=false) correlation id 1 from controller 0 epoch 4 for partition Customer-requests-0 (state.change.logger)
[2020-11-05 00:19:56,520] WARN [Broker id=0] Ignoring LeaderAndIsr request from controller 0 with correlation id 1 epoch 4 for partition Restaurant-requests-0 since its associated leader epoch 0 is not higher than the current leader epoch 0 (state.change.logger)
[2020-11-05 00:19:54,470] TRACE [Controller id=0 epoch=4] Sending UpdateMetadata request PartitionState(controllerEpoch=1, leader=0, leaderEpoch=0, isr=[0], zkVersion=0, replicas=[0], offlineReplicas=[]) to brokers Set(0) for partition response_topic-0 (state.change.logger)
[2020-11-05 00:19:56,753] WARN [Broker id=0] Ignoring LeaderAndIsr request from controller 0 with correlation id 1 epoch 4 for partition response_topic-0 since its associated leader epoch 0 is not higher than the current leader epoch 0 (state.change.logger)
[2020-11-05 00:19:57,183] WARN [Broker id=0] Ignoring LeaderAndIsr request from controller 0 with correlation id 1 epoch 4 for partition Common-requests-0 since its associated leader epoch 0 is not higher than the current leader epoch 0 (state.change.logger)
[2020-11-05 00:19:57,326] WARN [Broker id=0] Ignoring LeaderAndIsr request from controller 0 with correlation id 1 epoch 4 for partition Static-requests-0 since its associated leader epoch 0 is not higher than the current leader epoch 0 (state.change.logger)
[2020-11-05 00:19:58,071] WARN [Broker id=0] Ignoring LeaderAndIsr request from controller 0 with correlation id 1 epoch 4 for partition Customer-requests-0 since its associated leader epoch 0 is not higher than the current leader epoch 0 (state.change.logger)
[2020-11-05 00:19:58,898] TRACE [Controller id=0 epoch=4] Received response {error_code=0,partitions=[{topic=Restaurant-requests,partition=0,error_code=11},{topic=response_topic,partition=0,error_code=11},{topic=Common-requests,partition=0,error_code=11},{topic=Static-requests,partition=0,error_code=11},{topic=Customer-requests,partition=0,error_code=11}]} for request LEADER_AND_ISR with correlation id 1 sent to broker pranjay-HP-Laptop-15q-bu0xx:9092 (id: 0 rack: null) (state.change.logger)
[2020-11-05 00:19:59,361] TRACE [Broker id=0] Cached leader info PartitionState(controllerEpoch=1, leader=0, leaderEpoch=0, isr=[0], zkVersion=0, replicas=[0], offlineReplicas=[]) for partition Restaurant-requests-0 in response to UpdateMetadata request sent by controller 0 epoch 4 with correlation id 2 (state.change.logger)
[2020-11-05 00:19:59,557] TRACE [Broker id=0] Cached leader info PartitionState(controllerEpoch=1, leader=0, leaderEpoch=0, isr=[0], zkVersion=0, replicas=[0], offlineReplicas=[]) for partition response_topic-0 in response to UpdateMetadata request sent by controller 0 epoch 4 with correlation id 2 (state.change.logger)
[2020-11-05 00:20:00,051] TRACE [Broker id=0] Cached leader info PartitionState(controllerEpoch=1, leader=0, leaderEpoch=0, isr=[0], zkVersion=0, replicas=[0], offlineReplicas=[]) for partition Common-requests-0 in response to UpdateMetadata request sent by controller 0 epoch 4 with correlation id 2 (state.change.logger)
[2020-11-05 00:20:00,255] TRACE [Broker id=0] Cached leader info PartitionState(controllerEpoch=1, leader=0, leaderEpoch=0, isr=[0], zkVersion=0, replicas=[0], offlineReplicas=[]) for partition Static-requests-0 in response to UpdateMetadata request sent by controller 0 epoch 4 with correlation id 2 (state.change.logger)
[2020-11-05 00:20:00,726] TRACE [Broker id=0] Cached leader info PartitionState(controllerEpoch=1, leader=0, leaderEpoch=0, isr=[0], zkVersion=0, replicas=[0], offlineReplicas=[]) for partition Customer-requests-0 in response to UpdateMetadata request sent by controller 0 epoch 4 with correlation id 2 (state.change.logger)
[2020-11-05 00:20:01,279] TRACE [Controller id=0 epoch=4] Received response {error_code=0} for request UPDATE_METADATA with correlation id 2 sent to broker pranjay-HP-Laptop-15q-bu0xx:9092 (id: 0 rack: null) (state.change.logger)
[2020-11-05 00:27:19,861] DEBUG preRegister called. Server=com.sun.jmx.mbeanserver.JmxMBeanServer@66d3c617, name=log4j:logger=state.change.logger (state.change.logger)
[2020-11-05 00:29:18,004] TRACE [Controller id=0 epoch=1] Received response {error_code=0} for request UPDATE_METADATA with correlation id 0 sent to broker pranjay-HP-Laptop-15q-bu0xx:9092 (id: 0 rack: null) (state.change.logger)
[2020-11-05 00:29:53,703] TRACE [Controller id=0 epoch=1] Changed partition Static-requests-0 state from NonExistentPartition to NewPartition with assigned replicas 0 (state.change.logger)
[2020-11-05 00:29:53,715] TRACE [Controller id=0 epoch=1] Changed state of replica 0 for partition Static-requests-0 from NonExistentReplica to NewReplica (state.change.logger)
[2020-11-05 00:29:53,924] TRACE [Controller id=0 epoch=1] Changed partition Static-requests-0 from NewPartition to OnlinePartition with state LeaderAndIsr(leader=0, leaderEpoch=0, isr=List(0), zkVersion=0) (state.change.logger)
[2020-11-05 00:29:53,928] TRACE [Controller id=0 epoch=1] Sending become-leader LeaderAndIsr request PartitionState(controllerEpoch=1, leader=0, leaderEpoch=0, isr=0, zkVersion=0, replicas=0, isNew=true) to broker 0 for partition Static-requests-0 (state.change.logger)
[2020-11-05 00:29:53,959] TRACE [Controller id=0 epoch=1] Sending UpdateMetadata request PartitionState(controllerEpoch=1, leader=0, leaderEpoch=0, isr=[0], zkVersion=0, replicas=[0], offlineReplicas=[]) to brokers Set(0) for partition Static-requests-0 (state.change.logger)
[2020-11-05 00:29:53,975] TRACE [Broker id=0] Received LeaderAndIsr request PartitionState(controllerEpoch=1, leader=0, leaderEpoch=0, isr=0, zkVersion=0, replicas=0, isNew=true) correlation id 1 from controller 0 epoch 1 for partition Static-requests-0 (state.change.logger)
[2020-11-05 00:29:53,976] TRACE [Controller id=0 epoch=1] Changed state of replica 0 for partition Static-requests-0 from NewReplica to OnlineReplica (state.change.logger)
[2020-11-05 00:29:54,016] TRACE [Broker id=0] Handling LeaderAndIsr request correlationId 1 from controller 0 epoch 1 starting the become-leader transition for partition Static-requests-0 (state.change.logger)
[2020-11-05 00:29:54,189] TRACE [Broker id=0] Stopped fetchers as part of become-leader request from controller 0 epoch 1 with correlation id 1 for partition Static-requests-0 (last update controller epoch 1) (state.change.logger)
[2020-11-05 00:29:54,204] TRACE [Broker id=0] Completed LeaderAndIsr request correlationId 1 from controller 0 epoch 1 for the become-leader transition for partition Static-requests-0 (state.change.logger)
[2020-11-05 00:29:54,253] TRACE [Controller id=0 epoch=1] Received response {error_code=0,partitions=[{topic=Static-requests,partition=0,error_code=0}]} for request LEADER_AND_ISR with correlation id 1 sent to broker pranjay-HP-Laptop-15q-bu0xx:9092 (id: 0 rack: null) (state.change.logger)
[2020-11-05 00:29:54,275] TRACE [Broker id=0] Cached leader info PartitionState(controllerEpoch=1, leader=0, leaderEpoch=0, isr=[0], zkVersion=0, replicas=[0], offlineReplicas=[]) for partition Static-requests-0 in response to UpdateMetadata request sent by controller 0 epoch 1 with correlation id 2 (state.change.logger)
[2020-11-05 00:29:54,281] TRACE [Controller id=0 epoch=1] Received response {error_code=0} for request UPDATE_METADATA with correlation id 2 sent to broker pranjay-HP-Laptop-15q-bu0xx:9092 (id: 0 rack: null) (state.change.logger)
[2020-11-05 00:30:24,968] TRACE [Controller id=0 epoch=1] Changed partition Restaurant-requests-0 state from NonExistentPartition to NewPartition with assigned replicas 0 (state.change.logger)
[2020-11-05 00:30:24,969] TRACE [Controller id=0 epoch=1] Changed state of replica 0 for partition Restaurant-requests-0 from NonExistentReplica to NewReplica (state.change.logger)
[2020-11-05 00:30:25,100] TRACE [Controller id=0 epoch=1] Changed partition Restaurant-requests-0 from NewPartition to OnlinePartition with state LeaderAndIsr(leader=0, leaderEpoch=0, isr=List(0), zkVersion=0) (state.change.logger)
[2020-11-05 00:30:25,117] TRACE [Controller id=0 epoch=1] Sending become-leader LeaderAndIsr request PartitionState(controllerEpoch=1, leader=0, leaderEpoch=0, isr=0, zkVersion=0, replicas=0, isNew=true) to broker 0 for partition Restaurant-requests-0 (state.change.logger)
[2020-11-05 00:30:25,118] TRACE [Controller id=0 epoch=1] Sending UpdateMetadata request PartitionState(controllerEpoch=1, leader=0, leaderEpoch=0, isr=[0], zkVersion=0, replicas=[0], offlineReplicas=[]) to brokers Set(0) for partition Restaurant-requests-0 (state.change.logger)
[2020-11-05 00:30:25,121] TRACE [Broker id=0] Received LeaderAndIsr request PartitionState(controllerEpoch=1, leader=0, leaderEpoch=0, isr=0, zkVersion=0, replicas=0, isNew=true) correlation id 3 from controller 0 epoch 1 for partition Restaurant-requests-0 (state.change.logger)
[2020-11-05 00:30:25,121] TRACE [Controller id=0 epoch=1] Changed state of replica 0 for partition Restaurant-requests-0 from NewReplica to OnlineReplica (state.change.logger)
[2020-11-05 00:30:25,125] TRACE [Broker id=0] Handling LeaderAndIsr request correlationId 3 from controller 0 epoch 1 starting the become-leader transition for partition Restaurant-requests-0 (state.change.logger)
[2020-11-05 00:30:25,189] TRACE [Broker id=0] Stopped fetchers as part of become-leader request from controller 0 epoch 1 with correlation id 3 for partition Restaurant-requests-0 (last update controller epoch 1) (state.change.logger)
[2020-11-05 00:30:25,192] TRACE [Broker id=0] Completed LeaderAndIsr request correlationId 3 from controller 0 epoch 1 for the become-leader transition for partition Restaurant-requests-0 (state.change.logger)
[2020-11-05 00:30:25,196] TRACE [Controller id=0 epoch=1] Received response {error_code=0,partitions=[{topic=Restaurant-requests,partition=0,error_code=0}]} for request LEADER_AND_ISR with correlation id 3 sent to broker pranjay-HP-Laptop-15q-bu0xx:9092 (id: 0 rack: null) (state.change.logger)
[2020-11-05 00:30:25,200] TRACE [Broker id=0] Cached leader info PartitionState(controllerEpoch=1, leader=0, leaderEpoch=0, isr=[0], zkVersion=0, replicas=[0], offlineReplicas=[]) for partition Restaurant-requests-0 in response to UpdateMetadata request sent by controller 0 epoch 1 with correlation id 4 (state.change.logger)
[2020-11-05 00:30:25,203] TRACE [Controller id=0 epoch=1] Received response {error_code=0} for request UPDATE_METADATA with correlation id 4 sent to broker pranjay-HP-Laptop-15q-bu0xx:9092 (id: 0 rack: null) (state.change.logger)
[2020-11-05 00:30:33,276] TRACE [Controller id=0 epoch=1] Changed partition response_topic-0 state from NonExistentPartition to NewPartition with assigned replicas 0 (state.change.logger)
[2020-11-05 00:30:33,276] TRACE [Controller id=0 epoch=1] Changed state of replica 0 for partition response_topic-0 from NonExistentReplica to NewReplica (state.change.logger)
[2020-11-05 00:30:33,431] TRACE [Controller id=0 epoch=1] Changed partition response_topic-0 from NewPartition to OnlinePartition with state LeaderAndIsr(leader=0, leaderEpoch=0, isr=List(0), zkVersion=0) (state.change.logger)
[2020-11-05 00:30:33,447] TRACE [Controller id=0 epoch=1] Sending become-leader LeaderAndIsr request PartitionState(controllerEpoch=1, leader=0, leaderEpoch=0, isr=0, zkVersion=0, replicas=0, isNew=true) to broker 0 for partition response_topic-0 (state.change.logger)
[2020-11-05 00:30:33,448] TRACE [Controller id=0 epoch=1] Sending UpdateMetadata request PartitionState(controllerEpoch=1, leader=0, leaderEpoch=0, isr=[0], zkVersion=0, replicas=[0], offlineReplicas=[]) to brokers Set(0) for partition response_topic-0 (state.change.logger)
[2020-11-05 00:30:33,450] TRACE [Controller id=0 epoch=1] Changed state of replica 0 for partition response_topic-0 from NewReplica to OnlineReplica (state.change.logger)
[2020-11-05 00:30:33,453] TRACE [Broker id=0] Received LeaderAndIsr request PartitionState(controllerEpoch=1, leader=0, leaderEpoch=0, isr=0, zkVersion=0, replicas=0, isNew=true) correlation id 5 from controller 0 epoch 1 for partition response_topic-0 (state.change.logger)
[2020-11-05 00:30:33,481] TRACE [Broker id=0] Handling LeaderAndIsr request correlationId 5 from controller 0 epoch 1 starting the become-leader transition for partition response_topic-0 (state.change.logger)
[2020-11-05 00:30:33,542] TRACE [Broker id=0] Stopped fetchers as part of become-leader request from controller 0 epoch 1 with correlation id 5 for partition response_topic-0 (last update controller epoch 1) (state.change.logger)
[2020-11-05 00:30:33,544] TRACE [Broker id=0] Completed LeaderAndIsr request correlationId 5 from controller 0 epoch 1 for the become-leader transition for partition response_topic-0 (state.change.logger)
[2020-11-05 00:30:33,565] TRACE [Controller id=0 epoch=1] Received response {error_code=0,partitions=[{topic=response_topic,partition=0,error_code=0}]} for request LEADER_AND_ISR with correlation id 5 sent to broker pranjay-HP-Laptop-15q-bu0xx:9092 (id: 0 rack: null) (state.change.logger)
[2020-11-05 00:30:33,568] TRACE [Broker id=0] Cached leader info PartitionState(controllerEpoch=1, leader=0, leaderEpoch=0, isr=[0], zkVersion=0, replicas=[0], offlineReplicas=[]) for partition response_topic-0 in response to UpdateMetadata request sent by controller 0 epoch 1 with correlation id 6 (state.change.logger)
[2020-11-05 00:30:33,571] TRACE [Controller id=0 epoch=1] Received response {error_code=0} for request UPDATE_METADATA with correlation id 6 sent to broker pranjay-HP-Laptop-15q-bu0xx:9092 (id: 0 rack: null) (state.change.logger)
[2020-11-05 00:30:55,493] TRACE [Controller id=0 epoch=1] Changed partition Customer-requests-0 state from NonExistentPartition to NewPartition with assigned replicas 0 (state.change.logger)
[2020-11-05 00:30:55,495] TRACE [Controller id=0 epoch=1] Changed state of replica 0 for partition Customer-requests-0 from NonExistentReplica to NewReplica (state.change.logger)
[2020-11-05 00:30:55,650] TRACE [Controller id=0 epoch=1] Changed partition Customer-requests-0 from NewPartition to OnlinePartition with state LeaderAndIsr(leader=0, leaderEpoch=0, isr=List(0), zkVersion=0) (state.change.logger)
[2020-11-05 00:30:55,662] TRACE [Controller id=0 epoch=1] Sending become-leader LeaderAndIsr request PartitionState(controllerEpoch=1, leader=0, leaderEpoch=0, isr=0, zkVersion=0, replicas=0, isNew=true) to broker 0 for partition Customer-requests-0 (state.change.logger)
[2020-11-05 00:30:55,665] TRACE [Broker id=0] Received LeaderAndIsr request PartitionState(controllerEpoch=1, leader=0, leaderEpoch=0, isr=0, zkVersion=0, replicas=0, isNew=true) correlation id 7 from controller 0 epoch 1 for partition Customer-requests-0 (state.change.logger)
[2020-11-05 00:30:55,666] TRACE [Controller id=0 epoch=1] Sending UpdateMetadata request PartitionState(controllerEpoch=1, leader=0, leaderEpoch=0, isr=[0], zkVersion=0, replicas=[0], offlineReplicas=[]) to brokers Set(0) for partition Customer-requests-0 (state.change.logger)
[2020-11-05 00:30:55,670] TRACE [Broker id=0] Handling LeaderAndIsr request correlationId 7 from controller 0 epoch 1 starting the become-leader transition for partition Customer-requests-0 (state.change.logger)
[2020-11-05 00:30:55,672] TRACE [Controller id=0 epoch=1] Changed state of replica 0 for partition Customer-requests-0 from NewReplica to OnlineReplica (state.change.logger)
[2020-11-05 00:30:55,722] TRACE [Broker id=0] Stopped fetchers as part of become-leader request from controller 0 epoch 1 with correlation id 7 for partition Customer-requests-0 (last update controller epoch 1) (state.change.logger)
[2020-11-05 00:30:55,723] TRACE [Broker id=0] Completed LeaderAndIsr request correlationId 7 from controller 0 epoch 1 for the become-leader transition for partition Customer-requests-0 (state.change.logger)
[2020-11-05 00:30:55,729] TRACE [Controller id=0 epoch=1] Received response {error_code=0,partitions=[{topic=Customer-requests,partition=0,error_code=0}]} for request LEADER_AND_ISR with correlation id 7 sent to broker pranjay-HP-Laptop-15q-bu0xx:9092 (id: 0 rack: null) (state.change.logger)
[2020-11-05 00:30:55,742] TRACE [Broker id=0] Cached leader info PartitionState(controllerEpoch=1, leader=0, leaderEpoch=0, isr=[0], zkVersion=0, replicas=[0], offlineReplicas=[]) for partition Customer-requests-0 in response to UpdateMetadata request sent by controller 0 epoch 1 with correlation id 8 (state.change.logger)
[2020-11-05 00:30:55,744] TRACE [Controller id=0 epoch=1] Received response {error_code=0} for request UPDATE_METADATA with correlation id 8 sent to broker pranjay-HP-Laptop-15q-bu0xx:9092 (id: 0 rack: null) (state.change.logger)
[2020-11-05 00:31:03,668] TRACE [Controller id=0 epoch=1] Changed partition Common-requests-0 state from NonExistentPartition to NewPartition with assigned replicas 0 (state.change.logger)
[2020-11-05 00:31:03,669] TRACE [Controller id=0 epoch=1] Changed state of replica 0 for partition Common-requests-0 from NonExistentReplica to NewReplica (state.change.logger)
[2020-11-05 00:31:03,804] TRACE [Controller id=0 epoch=1] Changed partition Common-requests-0 from NewPartition to OnlinePartition with state LeaderAndIsr(leader=0, leaderEpoch=0, isr=List(0), zkVersion=0) (state.change.logger)
[2020-11-05 00:31:03,815] TRACE [Controller id=0 epoch=1] Sending become-leader LeaderAndIsr request PartitionState(controllerEpoch=1, leader=0, leaderEpoch=0, isr=0, zkVersion=0, replicas=0, isNew=true) to broker 0 for partition Common-requests-0 (state.change.logger)
[2020-11-05 00:31:03,816] TRACE [Controller id=0 epoch=1] Sending UpdateMetadata request PartitionState(controllerEpoch=1, leader=0, leaderEpoch=0, isr=[0], zkVersion=0, replicas=[0], offlineReplicas=[]) to brokers Set(0) for partition Common-requests-0 (state.change.logger)
[2020-11-05 00:31:03,817] TRACE [Controller id=0 epoch=1] Changed state of replica 0 for partition Common-requests-0 from NewReplica to OnlineReplica (state.change.logger)
[2020-11-05 00:31:03,818] TRACE [Broker id=0] Received LeaderAndIsr request PartitionState(controllerEpoch=1, leader=0, leaderEpoch=0, isr=0, zkVersion=0, replicas=0, isNew=true) correlation id 9 from controller 0 epoch 1 for partition Common-requests-0 (state.change.logger)
[2020-11-05 00:31:03,824] TRACE [Broker id=0] Handling LeaderAndIsr request correlationId 9 from controller 0 epoch 1 starting the become-leader transition for partition Common-requests-0 (state.change.logger)
[2020-11-05 00:31:03,850] TRACE [Broker id=0] Stopped fetchers as part of become-leader request from controller 0 epoch 1 with correlation id 9 for partition Common-requests-0 (last update controller epoch 1) (state.change.logger)
[2020-11-05 00:31:03,856] TRACE [Broker id=0] Completed LeaderAndIsr request correlationId 9 from controller 0 epoch 1 for the become-leader transition for partition Common-requests-0 (state.change.logger)
[2020-11-05 00:31:03,868] TRACE [Controller id=0 epoch=1] Received response {error_code=0,partitions=[{topic=Common-requests,partition=0,error_code=0}]} for request LEADER_AND_ISR with correlation id 9 sent to broker pranjay-HP-Laptop-15q-bu0xx:9092 (id: 0 rack: null) (state.change.logger)
[2020-11-05 00:31:03,872] TRACE [Broker id=0] Cached leader info PartitionState(controllerEpoch=1, leader=0, leaderEpoch=0, isr=[0], zkVersion=0, replicas=[0], offlineReplicas=[]) for partition Common-requests-0 in response to UpdateMetadata request sent by controller 0 epoch 1 with correlation id 10 (state.change.logger)
[2020-11-05 00:31:03,874] TRACE [Controller id=0 epoch=1] Received response {error_code=0} for request UPDATE_METADATA with correlation id 10 sent to broker pranjay-HP-Laptop-15q-bu0xx:9092 (id: 0 rack: null) (state.change.logger)
